<?xml version="1.0" encoding="UTF-8"?>
<!-- Generated by org.testng.reporters.JUnitReportReporter -->
<testsuite hostname="DESKTOP-7T671AG" failures="0" tests="1" name="requestUsingFrameworkCoponents.DeleteProject" time="6.896" errors="0" timestamp="2023-01-04T15:29:18 IST" skipped="0">
  <testcase classname="requestUsingFrameworkCoponents.DeleteProject" name="deleteProjectTest" time="6.896"/>
  <system-out/>
</testsuite> <!-- requestUsingFrameworkCoponents.DeleteProject -->
