<?xml version="1.0" encoding="UTF-8"?>
<!-- Generated by org.testng.reporters.JUnitReportReporter -->
<testsuite hostname="DESKTOP-7T671AG" failures="0" tests="1" name="authentication.Auth2Test3" time="7.977" errors="0" timestamp="2023-01-02T21:56:31 IST" skipped="0">
  <testcase classname="authentication.Auth2Test3" name="authentication" time="7.977"/>
  <system-out/>
</testsuite> <!-- authentication.Auth2Test3 -->
