<?xml version="1.0" encoding="UTF-8"?>
<!-- Generated by org.testng.reporters.JUnitReportReporter -->
<testsuite hostname="DESKTOP-7T671AG" failures="0" tests="1" name="authentication.BasicAuthTest" time="3.913" errors="0" timestamp="2023-01-02T12:01:39 IST" skipped="0">
  <testcase classname="authentication.BasicAuthTest" name="basicAuth" time="3.913"/>
  <system-out/>
</testsuite> <!-- authentication.BasicAuthTest -->
