<?xml version="1.0" encoding="UTF-8"?>
<!-- Generated by org.testng.reporters.JUnitReportReporter -->
<testsuite hostname="DESKTOP-7T671AG" failures="0" tests="1" name="CRUDwithBDD.AddProjectwithoutStatus" time="7.726" errors="0" timestamp="2022-12-27T19:09:27 IST" skipped="0">
  <testcase classname="CRUDwithBDD.AddProjectwithoutStatus" name="addProject" time="7.726"/>
  <system-out/>
</testsuite> <!-- CRUDwithBDD.AddProjectwithoutStatus -->
