<?xml version="1.0" encoding="UTF-8"?>
<!-- Generated by org.testng.reporters.JUnitReportReporter -->
<testsuite hostname="DESKTOP-7T671AG" failures="0" tests="1" name="authentication.DigestiveBasicAuth" time="3.423" errors="0" timestamp="2023-01-02T16:10:26 IST" skipped="0">
  <testcase classname="authentication.DigestiveBasicAuth" name="basicAuth" time="3.423"/>
  <system-out/>
</testsuite> <!-- authentication.DigestiveBasicAuth -->
