<?xml version="1.0" encoding="UTF-8"?>
<!-- Generated by org.testng.reporters.JUnitReportReporter -->
<testsuite hostname="DESKTOP-7T671AG" failures="0" tests="1" name="CRUDwithoutBDD.GetSingleProject$GetallProjectTest" time="2.590" errors="0" timestamp="2022-12-27T15:28:05 IST" skipped="0">
  <testcase classname="CRUDwithoutBDD.GetSingleProject$GetallProjectTest" name="getProject" time="2.590"/>
  <system-out/>
</testsuite> <!-- CRUDwithoutBDD.GetSingleProject$GetallProjectTest -->
