<?xml version="1.0" encoding="UTF-8"?>
<!-- Generated by org.testng.reporters.JUnitReportReporter -->
<testsuite hostname="DESKTOP-7T671AG" failures="0" tests="1" name="validations.StatusLineValidaation" time="2.467" errors="0" timestamp="2022-12-29T17:31:30 IST" skipped="0">
  <testcase classname="validations.StatusLineValidaation" name="StatusLineValTest" time="2.467"/>
  <system-out/>
</testsuite> <!-- validations.StatusLineValidaation -->
