<?xml version="1.0" encoding="UTF-8"?>
<!-- Generated by org.testng.reporters.JUnitReportReporter -->
<testsuite hostname="DESKTOP-7T671AG" failures="0" tests="1" name="authentication.BearerToken1" time="4.624" errors="0" timestamp="2023-01-02T17:05:44 IST" skipped="0">
  <testcase classname="authentication.BearerToken1" name="bearerToken" time="4.624"/>
  <system-out/>
</testsuite> <!-- authentication.BearerToken1 -->
