<?xml version="1.0" encoding="UTF-8"?>
<!-- Generated by org.testng.reporters.JUnitReportReporter -->
<testsuite hostname="DESKTOP-7T671AG" failures="0" tests="1" name="requestUsingFrameworkCoponents.PutProject" time="6.440" errors="0" timestamp="2023-01-04T15:58:39 IST" skipped="0">
  <testcase classname="requestUsingFrameworkCoponents.PutProject" name="addProject" time="6.440"/>
  <system-out/>
</testsuite> <!-- requestUsingFrameworkCoponents.PutProject -->
