<?xml version="1.0" encoding="UTF-8"?>
<!-- Generated by org.testng.reporters.JUnitReportReporter -->
<testsuite hostname="DESKTOP-7T671AG" failures="0" tests="1" name="CRUDwithBDD.GetAllProjects" time="2.500" errors="0" timestamp="2022-12-29T15:29:02 IST" skipped="0">
  <testcase classname="CRUDwithBDD.GetAllProjects" name="getProject" time="2.500"/>
  <system-out/>
</testsuite> <!-- CRUDwithBDD.GetAllProjects -->
