<?xml version="1.0" encoding="UTF-8"?>
<!-- Generated by org.testng.reporters.JUnitReportReporter -->
<testsuite hostname="DESKTOP-7T671AG" failures="0" tests="1" name="CRUDwithBDD.GetSingleProjectTest" time="6.215" errors="0" timestamp="2022-12-29T16:43:30 IST" skipped="0">
  <testcase classname="CRUDwithBDD.GetSingleProjectTest" name="getSingleProjectTest" time="6.215"/>
  <system-out/>
</testsuite> <!-- CRUDwithBDD.GetSingleProjectTest -->
