<?xml version="1.0" encoding="UTF-8"?>
<!-- Generated by org.testng.reporters.JUnitReportReporter -->
<testsuite hostname="DESKTOP-7T671AG" failures="0" tests="1" name="PostRequestUsingDifferentMethods.PostUsingJsonObject" time="4.094" errors="0" timestamp="2022-12-29T11:21:37 IST" skipped="0">
  <testcase classname="PostRequestUsingDifferentMethods.PostUsingJsonObject" name="addProject" time="4.094"/>
  <system-out/>
</testsuite> <!-- PostRequestUsingDifferentMethods.PostUsingJsonObject -->
