<?xml version="1.0" encoding="UTF-8"?>
<!-- Generated by org.testng.reporters.JUnitReportReporter -->
<testsuite hostname="DESKTOP-7T671AG" failures="0" tests="1" name="CRUDwithoutBDD.PutProjectTest$updateProjectTest" time="5.170" errors="0" timestamp="2022-12-27T15:22:26 IST" skipped="0">
  <testcase classname="CRUDwithoutBDD.PutProjectTest$updateProjectTest" name="updateProject" time="5.170"/>
  <system-out/>
</testsuite> <!-- CRUDwithoutBDD.PutProjectTest$updateProjectTest -->
