<?xml version="1.0" encoding="UTF-8"?>
<!-- Generated by org.testng.reporters.JUnitReportReporter -->
<testsuite hostname="DESKTOP-7T671AG" failures="0" tests="1" name="CRUDwithBDD.AddProjectInTextFormat" time="2.966" errors="0" timestamp="2022-12-28T11:15:52 IST" skipped="0">
  <testcase classname="CRUDwithBDD.AddProjectInTextFormat" name="addProject" time="2.966"/>
  <system-out/>
</testsuite> <!-- CRUDwithBDD.AddProjectInTextFormat -->
