<?xml version="1.0" encoding="UTF-8"?>
<!-- Generated by org.testng.reporters.JUnitReportReporter -->
<testsuite hostname="DESKTOP-7T671AG" failures="0" tests="1" name="CRUDwithoutBDD.AddProjectTest" time="9.158" errors="0" timestamp="2022-12-28T14:51:37 IST" skipped="0">
  <testcase classname="CRUDwithoutBDD.AddProjectTest" name="addProject" time="9.158"/>
  <system-out/>
</testsuite> <!-- CRUDwithoutBDD.AddProjectTest -->
