<?xml version="1.0" encoding="UTF-8"?>
<!-- Generated by org.testng.reporters.JUnitReportReporter -->
<testsuite hostname="DESKTOP-7T671AG" failures="0" tests="1" name="PostRequestUsingDifferentMethods.PostRequestUsingPojoClass1" time="3.069" errors="0" timestamp="2022-12-29T11:56:58 IST" skipped="0">
  <testcase classname="PostRequestUsingDifferentMethods.PostRequestUsingPojoClass1" name="createProjectTest" time="3.069"/>
  <system-out/>
</testsuite> <!-- PostRequestUsingDifferentMethods.PostRequestUsingPojoClass1 -->
