<?xml version="1.0" encoding="UTF-8"?>
<!-- Generated by org.testng.reporters.JUnitReportReporter -->
<testsuite hostname="DESKTOP-7T671AG" failures="0" tests="1" name="CRUDwithBDD.AddProjectTC2" time="16.931" errors="0" timestamp="2022-12-27T19:33:30 IST" skipped="0">
  <testcase classname="CRUDwithBDD.AddProjectTC2" name="addProject" time="16.931"/>
  <system-out/>
</testsuite> <!-- CRUDwithBDD.AddProjectTC2 -->
