<?xml version="1.0" encoding="UTF-8"?>
<!-- Generated by org.testng.reporters.JUnitReportReporter -->
<testsuite hostname="DESKTOP-7T671AG" failures="0" tests="1" name="requestChaining.PostAndGetProjectTest" time="8.067" errors="0" timestamp="2023-01-02T15:46:38 IST" skipped="0">
  <testcase classname="requestChaining.PostAndGetProjectTest" name="requestchaining" time="8.067"/>
  <system-out/>
</testsuite> <!-- requestChaining.PostAndGetProjectTest -->
