<?xml version="1.0" encoding="UTF-8"?>
<!-- Generated by org.testng.reporters.JUnitReportReporter -->
<testsuite hostname="DESKTOP-7T671AG" failures="0" tests="1" name="requestUsingFrameworkCoponents.GetProjectUsingBaseclass" time="13.552" errors="0" timestamp="2023-01-04T17:19:28 IST" skipped="0">
  <testcase classname="requestUsingFrameworkCoponents.GetProjectUsingBaseclass" name="getSingleProjectTest" time="13.552"/>
  <system-out/>
</testsuite> <!-- requestUsingFrameworkCoponents.GetProjectUsingBaseclass -->
