<?xml version="1.0" encoding="UTF-8"?>
<!-- Generated by org.testng.reporters.JUnitReportReporter -->
<testsuite hostname="DESKTOP-7T671AG" failures="0" tests="1" name="CRUDwithoutBDD.DeleteProject" time="2.516" errors="0" timestamp="2022-12-27T15:40:52 IST" skipped="0">
  <testcase classname="CRUDwithoutBDD.DeleteProject" name="deleteproject" time="2.516"/>
  <system-out/>
</testsuite> <!-- CRUDwithoutBDD.DeleteProject -->
