<?xml version="1.0" encoding="UTF-8"?>
<!-- Generated by org.testng.reporters.JUnitReportReporter -->
<testsuite hostname="DESKTOP-7T671AG" failures="0" tests="1" name="authentication.Auth2Test" time="5.212" errors="0" timestamp="2023-01-02T21:28:02 IST" skipped="0">
  <testcase classname="authentication.Auth2Test" name="authentication" time="5.212"/>
  <system-out/>
</testsuite> <!-- authentication.Auth2Test -->
