<?xml version="1.0" encoding="UTF-8"?>
<!-- Generated by org.testng.reporters.JUnitReportReporter -->
<testsuite hostname="DESKTOP-7T671AG" failures="0" tests="1" name="pojo_script.Pojo_Serialization_Emp" time="0.344" errors="0" timestamp="2022-12-26T21:34:12 IST" skipped="0">
  <testcase classname="pojo_script.Pojo_Serialization_Emp" name="pojoserilization" time="0.344"/>
  <system-out/>
</testsuite> <!-- pojo_script.Pojo_Serialization_Emp -->
