<?xml version="1.0" encoding="UTF-8"?>
<!-- Generated by org.testng.reporters.JUnitReportReporter -->
<testsuite hostname="DESKTOP-7T671AG" failures="0" tests="3" name="dataProvider.PostRequestUsingDataProvider" time="2.886" errors="0" timestamp="2022-12-29T13:20:33 IST" skipped="0">
  <testcase classname="dataProvider.PostRequestUsingDataProvider" name="addProjectTest" time="2.715"/>
  <system-out/>
  <testcase classname="dataProvider.PostRequestUsingDataProvider" name="addProjectTest" time="0.109"/>
  <system-out/>
  <testcase classname="dataProvider.PostRequestUsingDataProvider" name="addProjectTest" time="0.062"/>
  <system-out/>
</testsuite> <!-- dataProvider.PostRequestUsingDataProvider -->
