<?xml version="1.0" encoding="UTF-8"?>
<!-- Generated by org.testng.reporters.JUnitReportReporter -->
<testsuite hostname="DESKTOP-7T671AG" failures="0" tests="1" name="CRUDwithBDD.UpdateProjectTest" time="3.157" errors="0" timestamp="2022-12-28T17:21:48 IST" skipped="0">
  <testcase classname="CRUDwithBDD.UpdateProjectTest" name="addProject" time="3.157"/>
  <system-out/>
</testsuite> <!-- CRUDwithBDD.UpdateProjectTest -->
