<?xml version="1.0" encoding="UTF-8"?>
<!-- Generated by org.testng.reporters.JUnitReportReporter -->
<testsuite hostname="DESKTOP-7T671AG" failures="0" tests="1" name="requestChaining.PostAndDeleteProjectTest" time="4.353" errors="0" timestamp="2023-01-02T13:17:46 IST" skipped="0">
  <testcase classname="requestChaining.PostAndDeleteProjectTest" name="postAndDeleteTest" time="4.353"/>
  <system-out/>
</testsuite> <!-- requestChaining.PostAndDeleteProjectTest -->
