<?xml version="1.0" encoding="UTF-8"?>
<!-- Generated by org.testng.reporters.JUnitReportReporter -->
<testsuite hostname="DESKTOP-7T671AG" failures="0" tests="1" name="CRUDwithoutBDD.GetProjectTest" time="3.723" errors="0" timestamp="2022-12-27T15:09:31 IST" skipped="0">
  <testcase classname="CRUDwithoutBDD.GetProjectTest" name="getProject" time="3.723"/>
  <system-out/>
</testsuite> <!-- CRUDwithoutBDD.GetProjectTest -->
