<?xml version="1.0" encoding="UTF-8"?>
<!-- Generated by org.testng.reporters.JUnitReportReporter -->
<testsuite hostname="DESKTOP-7T671AG" failures="0" tests="1" name="CRUDwithBDD.AddProjectWithoutEndurl" time="5.102" errors="0" timestamp="2022-12-27T19:44:41 IST" skipped="0">
  <testcase classname="CRUDwithBDD.AddProjectWithoutEndurl" name="addProject" time="5.102"/>
  <system-out/>
</testsuite> <!-- CRUDwithBDD.AddProjectWithoutEndurl -->
