<?xml version="1.0" encoding="UTF-8"?>
<!-- Generated by org.testng.reporters.JUnitReportReporter -->
<testsuite hostname="DESKTOP-7T671AG" failures="0" tests="1" name="parameterization.PathParamget" time="2.572" errors="0" timestamp="2023-01-02T12:30:05 IST" skipped="0">
  <testcase classname="parameterization.PathParamget" name="pathParameter" time="2.572"/>
  <system-out/>
</testsuite> <!-- parameterization.PathParamget -->
