<?xml version="1.0" encoding="UTF-8"?>
<!-- Generated by org.testng.reporters.JUnitReportReporter -->
<testsuite hostname="DESKTOP-7T671AG" failures="0" tests="1" name="CRUDwithBDD.AddProjectWithStatusCompleted" time="5.170" errors="0" timestamp="2022-12-27T19:40:20 IST" skipped="0">
  <testcase classname="CRUDwithBDD.AddProjectWithStatusCompleted" name="addProject" time="5.170"/>
  <system-out/>
</testsuite> <!-- CRUDwithBDD.AddProjectWithStatusCompleted -->
