<?xml version="1.0" encoding="UTF-8"?>
<!-- Generated by org.testng.reporters.JUnitReportReporter -->
<testsuite hostname="DESKTOP-7T671AG" failures="0" tests="1" name="pojo_script.pojo_String_Emp_Serialization" time="1.179" errors="0" timestamp="2022-12-27T11:21:07 IST" skipped="0">
  <testcase classname="pojo_script.pojo_String_Emp_Serialization" name="pojoString" time="1.179"/>
  <system-out/>
</testsuite> <!-- pojo_script.pojo_String_Emp_Serialization -->
