<?xml version="1.0" encoding="UTF-8"?>
<!-- Generated by org.testng.reporters.JUnitReportReporter -->
<testsuite hostname="DESKTOP-7T671AG" failures="0" tests="1" name="CRUDwithBDD.updateProjectInText" time="3.423" errors="0" timestamp="2022-12-28T17:29:02 IST" skipped="0">
  <testcase classname="CRUDwithBDD.updateProjectInText" name="addProject" time="3.423"/>
  <system-out/>
</testsuite> <!-- CRUDwithBDD.updateProjectInText -->
