<?xml version="1.0" encoding="UTF-8"?>
<!-- Generated by org.testng.reporters.JUnitReportReporter -->
<testsuite hostname="DESKTOP-7T671AG" failures="0" tests="1" name="CRUDwithBDD.DeleteProject" time="2.379" errors="0" timestamp="2022-12-27T18:09:10 IST" skipped="0">
  <testcase classname="CRUDwithBDD.DeleteProject" name="deleteproject" time="2.379"/>
  <system-out/>
</testsuite> <!-- CRUDwithBDD.DeleteProject -->
