<?xml version="1.0" encoding="UTF-8"?>
<!-- Generated by org.testng.reporters.JUnitReportReporter -->
<testsuite hostname="DESKTOP-7T671AG" failures="0" tests="1" name="PostRequestUsingDifferentMethods.PostRequestUsingPojoClass" time="3.631" errors="0" timestamp="2022-12-29T11:53:55 IST" skipped="0">
  <testcase classname="PostRequestUsingDifferentMethods.PostRequestUsingPojoClass" name="createProjectTest" time="3.631"/>
  <system-out/>
</testsuite> <!-- PostRequestUsingDifferentMethods.PostRequestUsingPojoClass -->
