<?xml version="1.0" encoding="UTF-8"?>
<!-- Generated by org.testng.reporters.JUnitReportReporter -->
<testsuite hostname="DESKTOP-7T671AG" failures="0" tests="1" name="CRUDwithBDD.AddProjectWithStatusOnGoing" time="4.850" errors="0" timestamp="2022-12-27T19:38:18 IST" skipped="0">
  <testcase classname="CRUDwithBDD.AddProjectWithStatusOnGoing" name="addProject" time="4.850"/>
  <system-out/>
</testsuite> <!-- CRUDwithBDD.AddProjectWithStatusOnGoing -->
