<?xml version="1.0" encoding="UTF-8"?>
<!-- Generated by org.testng.reporters.JUnitReportReporter -->
<testsuite hostname="DESKTOP-7T671AG" failures="0" tests="1" name="requestUsingFrameworkCoponents.PostUsingBaseClass" time="2.156" errors="0" timestamp="2023-01-04T15:56:09 IST" skipped="0">
  <testcase classname="requestUsingFrameworkCoponents.PostUsingBaseClass" name="addProject" time="2.156"/>
  <system-out/>
</testsuite> <!-- requestUsingFrameworkCoponents.PostUsingBaseClass -->
