<?xml version="1.0" encoding="UTF-8"?>
<!-- Generated by org.testng.reporters.JUnitReportReporter -->
<testsuite hostname="DESKTOP-7T671AG" failures="0" tests="1" name="parameterization.QueryParameterTest" time="24.767" errors="0" timestamp="2023-01-02T11:12:06 IST" skipped="0">
  <testcase classname="parameterization.QueryParameterTest" name="QueryparameterTest" time="24.767"/>
  <system-out/>
</testsuite> <!-- parameterization.QueryParameterTest -->
