<?xml version="1.0" encoding="UTF-8"?>
<!-- Generated by org.testng.reporters.JUnitReportReporter -->
<testsuite hostname="DESKTOP-7T671AG" failures="0" tests="1" name="validations.StaticResponseValidation" time="3.372" errors="0" timestamp="2022-12-29T15:31:32 IST" skipped="0">
  <testcase classname="validations.StaticResponseValidation" name="getAllProjectsTest" time="3.372"/>
  <system-out/>
</testsuite> <!-- validations.StaticResponseValidation -->
