<?xml version="1.0" encoding="UTF-8"?>
<!-- Generated by org.testng.reporters.JUnitReportReporter -->
<testsuite hostname="DESKTOP-7T671AG" failures="0" tests="1" name="pojo_script.pojo_object_serilization" time="0.328" errors="0" timestamp="2022-12-26T21:28:32 IST" skipped="0">
  <testcase classname="pojo_script.pojo_object_serilization" name="object" time="0.328"/>
  <system-out/>
</testsuite> <!-- pojo_script.pojo_object_serilization -->
