<?xml version="1.0" encoding="UTF-8"?>
<!-- Generated by org.testng.reporters.JUnitReportReporter -->
<testsuite hostname="DESKTOP-7T671AG" failures="0" tests="1" name="validations.DynamicHeaderValidation" time="3.769" errors="0" timestamp="2022-12-29T15:52:00 IST" skipped="0">
  <testcase classname="validations.DynamicHeaderValidation" name="DynamicResponseTest" time="3.769"/>
  <system-out/>
</testsuite> <!-- validations.DynamicHeaderValidation -->
