<?xml version="1.0" encoding="UTF-8"?>
<!-- Generated by org.testng.reporters.JUnitReportReporter -->
<testsuite hostname="DESKTOP-7T671AG" failures="0" tests="1" name="CRUDwithBDD.AddProjecctinDifferentFormat" time="3.468" errors="0" timestamp="2022-12-28T10:56:48 IST" skipped="0">
  <testcase classname="CRUDwithBDD.AddProjecctinDifferentFormat" name="addProject" time="3.468"/>
  <system-out/>
</testsuite> <!-- CRUDwithBDD.AddProjecctinDifferentFormat -->
