<?xml version="1.0" encoding="UTF-8"?>
<!-- Generated by org.testng.reporters.JUnitReportReporter -->
<testsuite hostname="DESKTOP-7T671AG" failures="0" tests="1" name="PostRequestUsingDifferentMethods.PostRequestUsingJsonFile" time="2.714" errors="0" timestamp="2022-12-29T11:46:57 IST" skipped="0">
  <testcase classname="PostRequestUsingDifferentMethods.PostRequestUsingJsonFile" name="createPostTest" time="2.714"/>
  <system-out/>
</testsuite> <!-- PostRequestUsingDifferentMethods.PostRequestUsingJsonFile -->
