<?xml version="1.0" encoding="UTF-8"?>
<!-- Generated by org.testng.reporters.JUnitReportReporter -->
<testsuite hostname="DESKTOP-7T671AG" failures="0" tests="1" name="CRUDwithBDD.UpdateProject" time="3.469" errors="0" timestamp="2022-12-27T18:40:56 IST" skipped="0">
  <testcase classname="CRUDwithBDD.UpdateProject" name="updateProject" time="3.469"/>
  <system-out/>
</testsuite> <!-- CRUDwithBDD.UpdateProject -->
