<?xml version="1.0" encoding="UTF-8"?>
<!-- Generated by org.testng.reporters.JUnitReportReporter -->
<testsuite hostname="DESKTOP-7T671AG" failures="0" tests="1" name="authentication.Auth2Test4" time="3.795" errors="0" timestamp="2023-01-02T22:01:42 IST" skipped="0">
  <testcase classname="authentication.Auth2Test4" name="authentication" time="3.795"/>
  <system-out/>
</testsuite> <!-- authentication.Auth2Test4 -->
