<?xml version="1.0" encoding="UTF-8"?>
<!-- Generated by org.testng.reporters.JUnitReportReporter -->
<testsuite hostname="DESKTOP-7T671AG" failures="0" tests="1" name="CRUDwithBDD.AddProjectTest" time="3.075" errors="0" timestamp="2022-12-27T18:39:41 IST" skipped="0">
  <testcase classname="CRUDwithBDD.AddProjectTest" name="addProject" time="3.075"/>
  <system-out/>
</testsuite> <!-- CRUDwithBDD.AddProjectTest -->
