<?xml version="1.0" encoding="UTF-8"?>
<!-- Generated by org.testng.reporters.JUnitReportReporter -->
<testsuite hostname="DESKTOP-7T671AG" failures="0" tests="1" name="PostRequestUsingDifferentMethods.PostUsingHashMap" time="10.084" errors="0" timestamp="2022-12-29T11:31:39 IST" skipped="0">
  <testcase classname="PostRequestUsingDifferentMethods.PostUsingHashMap" name="addProject" time="10.084"/>
  <system-out/>
</testsuite> <!-- PostRequestUsingDifferentMethods.PostUsingHashMap -->
