<?xml version="1.0" encoding="UTF-8"?>
<!-- Generated by org.testng.reporters.JUnitReportReporter -->
<testsuite hostname="DESKTOP-7T671AG" failures="0" tests="1" name="CRUDwithoutBDD.PutProjectTest" time="3.253" errors="0" timestamp="2022-12-27T16:31:32 IST" skipped="0">
  <testcase classname="CRUDwithoutBDD.PutProjectTest" name="updateProject" time="3.253"/>
  <system-out/>
</testsuite> <!-- CRUDwithoutBDD.PutProjectTest -->
