<?xml version="1.0" encoding="UTF-8"?>
<!-- Generated by org.testng.reporters.JUnitReportReporter -->
<testsuite hostname="DESKTOP-7T671AG" failures="0" tests="1" name="authentication.PreemtiveBasicAuth" time="2.544" errors="0" timestamp="2023-01-02T16:18:53 IST" skipped="0">
  <testcase classname="authentication.PreemtiveBasicAuth" name="basicAuth" time="2.544"/>
  <system-out/>
</testsuite> <!-- authentication.PreemtiveBasicAuth -->
