<?xml version="1.0" encoding="UTF-8"?>
<!-- Generated by org.testng.reporters.JUnitReportReporter -->
<testsuite hostname="DESKTOP-7T671AG" failures="0" tests="1" name="CRUDwithBDD.GetSingleProject" time="3.103" errors="0" timestamp="2022-12-27T18:28:47 IST" skipped="0">
  <testcase classname="CRUDwithBDD.GetSingleProject" name="getProject" time="3.103"/>
  <system-out/>
</testsuite> <!-- CRUDwithBDD.GetSingleProject -->
